2024-01-18 04:17:46 - Neovide panicked with the message 'If dragging, there should be a window details recorded'. (File: src\window\mouse_manager.rs; Line: 129, Column: 26)
   0: <unknown>
   1: <unknown>
   2: <unknown>
   3: <unknown>
   4: <unknown>
   5: <unknown>
   6: <unknown>
   7: <unknown>
   8: <unknown>
   9: <unknown>
  10: <unknown>
  11: <unknown>
  12: <unknown>
  13: <unknown>
  14: <unknown>
  15: <unknown>
  16: CallWindowProcW
  17: CallWindowProcW
  18: wglSwapBuffers
  19: CallWindowProcW
  20: DispatchMessageW
  21: <unknown>
  22: <unknown>
  23: <unknown>
  24: <unknown>
  25: <unknown>
  26: <unknown>
  27: BaseThreadInitThunk
  28: RtlUserThreadStart

